Could not find texture: data/tracks/lagunaseca/objects//ALFAALBERO2.1.tga.png
Could not find texture: data/tracks/lagunaseca/objects//LAGCASOT2.1.tga.png
Could not find texture: data/tracks/lagunaseca/objects//LAGBOXLANE1.1.tga.png
Could not find texture: data/tracks/lagunaseca/objects//LAGRETE1.1.tga.png
Could not find texture: data/tracks/lagunaseca/objects//LAGMURETTO1.1.tga.png
Could not find texture: data/tracks/lagunaseca/objects//FOXHOUND-TERMIGNONI.tga.png
Could not find texture: data/tracks/lagunaseca/objects//LAGPASS1.1.tga.png
Could not find texture: data/tracks/lagunaseca/objects//LAGPAGLIA1.1.tga.png
Could not find texture: data/tracks/lagunaseca/objects//LAGPASS9.1.tga.png
Could not find texture: data/tracks/lagunaseca/objects//MICHELIN.tga.png
Could not find texture: data/tracks/lagunaseca/objects//LAGTRAVE2.1.tga.png
Could not find texture: data/tracks/lagunaseca/objects//LAGNEW1.1.tga.png
Could not find texture: data/tracks/lagunaseca/objects//LAGQUINTONI1.1.tga.png
Could not find texture: data/tracks/lagunaseca/objects//LAGGOMME1.1.tga.png
Could not find texture: data/tracks/lagunaseca/objects//LAGTOWDISP1.1.tga.png
Could not find texture: data/tracks/lagunaseca/objects//LAGPASS6.1.tga.png
Could not find texture: data/tracks/lagunaseca/objects//LAGAIRBAGS1.1.tga.png
Could not find texture: data/tracks/lagunaseca/objects//LAGBOX1.1.tga.png
Could not find texture: data/tracks/lagunaseca/objects//LAGDUNLOP.1.tga.png
Could not find texture: data/tracks/lagunaseca/objects//LAGMURETTO2.1.tga.png
Could not find texture: data/tracks/lagunaseca/objects//LAGTRIB1.1.tga.png
Could not find texture: data/tracks/lagunaseca/objects//VEICALAUBM.1.tga.png
Could not find texture: data/tracks/lagunaseca/objects//VEICLAMAOP.1.tga.png
Could not find texture: data/tracks/lagunaseca/objects//LAGBAR1.1.tga.png
Could not find texture: data/tracks/lagunaseca/objects//VEICBUS.1.tga.png
Could not find texture: data/tracks/lagunaseca/objects//LAGTOW1.1.tga.png
Could not find texture: data/tracks/lagunaseca/objects//VEICTRUCK12.1.tga.png
Could not find texture: data/tracks/lagunaseca/objects//VEICTRUCK13.1.tga.png
Could not find texture: data/tracks/lagunaseca/objects//VEICTRUCK07.1.tga.png
Could not find texture: data/tracks/lagunaseca/objects//VEICFURGONE.1.tga.png
Could not find texture: data/tracks/lagunaseca/objects//VEICTRUCK05.1.tga.png
Could not find texture: data/tracks/lagunaseca/objects//LAGCOLLINA1.1.tga.png
Could not find texture: data/tracks/lagunaseca/objects//LAGCAMP1.1.tga.png
